2023-08-07 10:39:11.650  INFO 9412 --- [main] c.e.c.u.controllers.FileControllerTest   : Starting FileControllerTest using Java 18.0.2.1 on WIN-7MAR38VGTES with PID 9412 (started by user in C:\Users\user\Desktop\netology\cloud)
2023-08-07 10:39:11.672  INFO 9412 --- [main] c.e.c.u.controllers.FileControllerTest   : No active profile set, falling back to 1 default profile: "default"
2023-08-07 10:39:13.174  INFO 9412 --- [main] .s.d.r.c.RepositoryConfigurationDelegate : Bootstrapping Spring Data JPA repositories in DEFAULT mode.
2023-08-07 10:39:13.306  INFO 9412 --- [main] .s.d.r.c.RepositoryConfigurationDelegate : Finished Spring Data repository scanning in 113 ms. Found 2 JPA repository interfaces.
2023-08-07 10:39:15.083  INFO 9412 --- [main] o.s.b.w.embedded.tomcat.TomcatWebServer  : Tomcat initialized with port(s): 0 (http)
2023-08-07 10:39:15.102  INFO 9412 --- [main] o.apache.catalina.core.StandardService   : Starting service [Tomcat]
2023-08-07 10:39:15.103  INFO 9412 --- [main] org.apache.catalina.core.StandardEngine  : Starting Servlet engine: [Apache Tomcat/9.0.60]
2023-08-07 10:39:15.330  INFO 9412 --- [main] o.a.c.c.C.[Tomcat].[localhost].[/]       : Initializing Spring embedded WebApplicationContext
2023-08-07 10:39:15.330  INFO 9412 --- [main] w.s.c.ServletWebServerApplicationContext : Root WebApplicationContext: initialization completed in 3596 ms
2023-08-07 10:39:16.004  INFO 9412 --- [main] o.hibernate.jpa.internal.util.LogHelper  : HHH000204: Processing PersistenceUnitInfo [name: default]
2023-08-07 10:39:16.337  INFO 9412 --- [main] org.hibernate.Version                    : HHH000412: Hibernate ORM core version 5.4.33
2023-08-07 10:39:16.503  INFO 9412 --- [main] o.hibernate.annotations.common.Version   : HCANN000001: Hibernate Commons Annotations {5.1.2.Final}
2023-08-07 10:39:16.835  INFO 9412 --- [main] com.zaxxer.hikari.HikariDataSource       : HikariPool-1 - Starting...
2023-08-07 10:39:17.258  INFO 9412 --- [main] com.zaxxer.hikari.HikariDataSource       : HikariPool-1 - Start completed.
2023-08-07 10:39:17.292  INFO 9412 --- [main] org.hibernate.dialect.Dialect            : HHH000400: Using dialect: org.hibernate.dialect.PostgreSQL95Dialect
2023-08-07 10:39:18.841  INFO 9412 --- [main] o.h.e.t.j.p.i.JtaPlatformInitiator       : HHH000490: Using JtaPlatform implementation: [org.hibernate.engine.transaction.jta.platform.internal.NoJtaPlatform]
2023-08-07 10:39:18.859  INFO 9412 --- [main] j.LocalContainerEntityManagerFactoryBean : Initialized JPA EntityManagerFactory for persistence unit 'default'
2023-08-07 10:39:18.995  WARN 9412 --- [main] JpaBaseConfiguration$JpaWebConfiguration : spring.jpa.open-in-view is enabled by default. Therefore, database queries may be performed during view rendering. Explicitly configure spring.jpa.open-in-view to disable this warning
2023-08-07 10:39:20.860  INFO 9412 --- [main] o.s.s.web.DefaultSecurityFilterChain     : Will not secure any request
2023-08-07 10:39:20.873  WARN 9412 --- [main] o.s.s.c.a.web.builders.WebSecurity       : 

********************************************************************
**********        Security debugging is enabled.       *************
**********    This may include sensitive information.  *************
**********      Do not use in a production system!     *************
********************************************************************


2023-08-07 10:39:24.006  INFO 9412 --- [main] o.s.b.w.embedded.tomcat.TomcatWebServer  : Tomcat started on port(s): 58451 (http) with context path ''
2023-08-07 10:39:24.041  INFO 9412 --- [main] c.e.c.u.controllers.FileControllerTest   : Started FileControllerTest in 12.875 seconds (JVM running for 17.52)
2023-08-07 10:39:24.055  INFO 9412 --- [main] f.a.AutowiredAnnotationBeanPostProcessor : Autowired annotation is not supported on static fields: private static com.example.cloud.repository.CloudRepository com.example.cloud.user.controllers.FileControllerTest.cloudRepository
2023-08-07 10:40:16.815  WARN 9412 --- [HikariPool-1 housekeeper] com.zaxxer.hikari.pool.HikariPool        : HikariPool-1 - Thread starvation or clock leap detected (housekeeper delta=59s444ms726µs700ns).
2023-08-07 10:40:16.920  INFO 9412 --- [SpringApplicationShutdownHook] j.LocalContainerEntityManagerFactoryBean : Closing JPA EntityManagerFactory for persistence unit 'default'
2023-08-07 10:40:16.924  INFO 9412 --- [SpringApplicationShutdownHook] com.zaxxer.hikari.HikariDataSource       : HikariPool-1 - Shutdown initiated...
2023-08-07 10:40:16.937  INFO 9412 --- [SpringApplicationShutdownHook] com.zaxxer.hikari.HikariDataSource       : HikariPool-1 - Shutdown completed.
2023-08-07 10:40:26.322  INFO 14672 --- [main] c.e.c.u.controllers.FileControllerTest   : Starting FileControllerTest using Java 18.0.2.1 on WIN-7MAR38VGTES with PID 14672 (started by user in C:\Users\user\Desktop\netology\cloud)
2023-08-07 10:40:26.325  INFO 14672 --- [main] c.e.c.u.controllers.FileControllerTest   : No active profile set, falling back to 1 default profile: "default"
2023-08-07 10:40:27.661  INFO 14672 --- [main] .s.d.r.c.RepositoryConfigurationDelegate : Bootstrapping Spring Data JPA repositories in DEFAULT mode.
2023-08-07 10:40:27.768  INFO 14672 --- [main] .s.d.r.c.RepositoryConfigurationDelegate : Finished Spring Data repository scanning in 87 ms. Found 2 JPA repository interfaces.
2023-08-07 10:40:29.857  INFO 14672 --- [main] o.s.b.w.embedded.tomcat.TomcatWebServer  : Tomcat initialized with port(s): 0 (http)
2023-08-07 10:40:29.898  INFO 14672 --- [main] o.apache.catalina.core.StandardService   : Starting service [Tomcat]
2023-08-07 10:40:29.900  INFO 14672 --- [main] org.apache.catalina.core.StandardEngine  : Starting Servlet engine: [Apache Tomcat/9.0.60]
2023-08-07 10:40:30.520  INFO 14672 --- [main] o.a.c.c.C.[Tomcat].[localhost].[/]       : Initializing Spring embedded WebApplicationContext
2023-08-07 10:40:30.522  INFO 14672 --- [main] w.s.c.ServletWebServerApplicationContext : Root WebApplicationContext: initialization completed in 4160 ms
2023-08-07 10:40:31.172  INFO 14672 --- [main] o.hibernate.jpa.internal.util.LogHelper  : HHH000204: Processing PersistenceUnitInfo [name: default]
2023-08-07 10:40:31.282  INFO 14672 --- [main] org.hibernate.Version                    : HHH000412: Hibernate ORM core version 5.4.33
2023-08-07 10:40:31.336  INFO 14672 --- [main] o.hibernate.annotations.common.Version   : HCANN000001: Hibernate Commons Annotations {5.1.2.Final}
2023-08-07 10:40:31.528  INFO 14672 --- [main] com.zaxxer.hikari.HikariDataSource       : HikariPool-1 - Starting...
2023-08-07 10:40:31.823  INFO 14672 --- [main] com.zaxxer.hikari.HikariDataSource       : HikariPool-1 - Start completed.
2023-08-07 10:40:31.853  INFO 14672 --- [main] org.hibernate.dialect.Dialect            : HHH000400: Using dialect: org.hibernate.dialect.PostgreSQL95Dialect
2023-08-07 10:40:33.160  INFO 14672 --- [main] o.h.e.t.j.p.i.JtaPlatformInitiator       : HHH000490: Using JtaPlatform implementation: [org.hibernate.engine.transaction.jta.platform.internal.NoJtaPlatform]
2023-08-07 10:40:33.175  INFO 14672 --- [main] j.LocalContainerEntityManagerFactoryBean : Initialized JPA EntityManagerFactory for persistence unit 'default'
2023-08-07 10:40:33.253  WARN 14672 --- [main] JpaBaseConfiguration$JpaWebConfiguration : spring.jpa.open-in-view is enabled by default. Therefore, database queries may be performed during view rendering. Explicitly configure spring.jpa.open-in-view to disable this warning
2023-08-07 10:40:34.594  INFO 14672 --- [main] o.s.s.web.DefaultSecurityFilterChain     : Will not secure any request
2023-08-07 10:40:34.608  WARN 14672 --- [main] o.s.s.c.a.web.builders.WebSecurity       : 

********************************************************************
**********        Security debugging is enabled.       *************
**********    This may include sensitive information.  *************
**********      Do not use in a production system!     *************
********************************************************************


2023-08-07 10:40:36.330  INFO 14672 --- [main] o.s.b.w.embedded.tomcat.TomcatWebServer  : Tomcat started on port(s): 58487 (http) with context path ''
2023-08-07 10:40:36.366  INFO 14672 --- [main] c.e.c.u.controllers.FileControllerTest   : Started FileControllerTest in 10.596 seconds (JVM running for 13.285)
2023-08-07 10:40:36.383  INFO 14672 --- [main] f.a.AutowiredAnnotationBeanPostProcessor : Autowired annotation is not supported on static fields: private static com.example.cloud.repository.CloudRepository com.example.cloud.user.controllers.FileControllerTest.cloudRepository
2023-08-07 10:41:05.914  INFO 14672 --- [SpringApplicationShutdownHook] j.LocalContainerEntityManagerFactoryBean : Closing JPA EntityManagerFactory for persistence unit 'default'
2023-08-07 10:41:05.918  INFO 14672 --- [SpringApplicationShutdownHook] com.zaxxer.hikari.HikariDataSource       : HikariPool-1 - Shutdown initiated...
2023-08-07 10:41:05.925  INFO 14672 --- [SpringApplicationShutdownHook] com.zaxxer.hikari.HikariDataSource       : HikariPool-1 - Shutdown completed.
